0 info it worked if it ends with ok
1 verbose cli [ '/usr/local/Cellar/node/7.0.0/bin/node',
1 verbose cli   '/usr/local/bin/npm',
1 verbose cli   'run',
1 verbose cli   'bundle' ]
2 info using npm@3.10.8
3 info using node@v7.0.0
4 verbose run-script [ 'prebundle', 'bundle', 'postbundle' ]
5 info lifecycle forecast@1.0.0~prebundle: forecast@1.0.0
6 silly lifecycle forecast@1.0.0~prebundle: no script for prebundle, continuing
7 info lifecycle forecast@1.0.0~bundle: forecast@1.0.0
8 verbose lifecycle forecast@1.0.0~bundle: unsafe-perm in lifecycle true
9 verbose lifecycle forecast@1.0.0~bundle: PATH: /usr/local/lib/node_modules/npm/bin/node-gyp-bin:/Users/ericransom/TIY/forecast/node_modules/.bin:/usr/local/Cellar/node/7.0.0/bin:/usr/local/bin:/usr/bin:/bin:/usr/sbin:/sbin
10 verbose lifecycle forecast@1.0.0~bundle: CWD: /Users/ericransom/TIY/forecast
11 silly lifecycle forecast@1.0.0~bundle: Args: [ '-c', 'browserify main.js -o bundle.js' ]
12 silly lifecycle forecast@1.0.0~bundle: Returned: code: 1  signal: null
13 info lifecycle forecast@1.0.0~bundle: Failed to exec bundle script
14 verbose stack Error: forecast@1.0.0 bundle: `browserify main.js -o bundle.js`
14 verbose stack Exit status 1
14 verbose stack     at EventEmitter.<anonymous> (/usr/local/lib/node_modules/npm/lib/utils/lifecycle.js:255:16)
14 verbose stack     at emitTwo (events.js:106:13)
14 verbose stack     at EventEmitter.emit (events.js:191:7)
14 verbose stack     at ChildProcess.<anonymous> (/usr/local/lib/node_modules/npm/lib/utils/spawn.js:40:14)
14 verbose stack     at emitTwo (events.js:106:13)
14 verbose stack     at ChildProcess.emit (events.js:191:7)
14 verbose stack     at maybeClose (internal/child_process.js:877:16)
14 verbose stack     at Process.ChildProcess._handle.onexit (internal/child_process.js:226:5)
15 verbose pkgid forecast@1.0.0
16 verbose cwd /Users/ericransom/TIY/forecast
17 error Darwin 16.1.0
18 error argv "/usr/local/Cellar/node/7.0.0/bin/node" "/usr/local/bin/npm" "run" "bundle"
19 error node v7.0.0
20 error npm  v3.10.8
21 error code ELIFECYCLE
22 error forecast@1.0.0 bundle: `browserify main.js -o bundle.js`
22 error Exit status 1
23 error Failed at the forecast@1.0.0 bundle script 'browserify main.js -o bundle.js'.
23 error Make sure you have the latest version of node.js and npm installed.
23 error If you do, this is most likely a problem with the forecast package,
23 error not with npm itself.
23 error Tell the author that this fails on your system:
23 error     browserify main.js -o bundle.js
23 error You can get information on how to open an issue for this project with:
23 error     npm bugs forecast
23 error Or if that isn't available, you can get their info via:
23 error     npm owner ls forecast
23 error There is likely additional logging output above.
24 verbose exit [ 1, true ]
